<?xml version="1.0" encoding="UTF-8"?>
<!-- Generated by org.testng.reporters.JUnitXMLReporter -->
<testsuite ignored="0" hostname="LAPTOP-84D7O3F5" failures="0" tests="12" name="Bookswagon App Test Cases" time="111.261" errors="0" timestamp="2022-08-17T10:01:04 IST">
  <testcase classname="com.testcases.HomePageTest" name="HomePageTitleTest" time="2.068"/>
  <testcase classname="com.testcases.HomePageTest" name="verifyUserNameTest" time="0.052"/>
  <testcase classname="com.testcases.SearchTestPage" name="verifySearchPageTest" time="5.021"/>
  <testcase classname="com.testcases.ChangePasswordTest" name="changePasswordTitleTest" time="0.014"/>
  <testcase classname="com.testcases.ChangePasswordTest" name="changePasswordofbooksawagonwithNewPassword" time="2.118"/>
  <testcase classname="com.testcases.LoginPageTest" name="multipleLoginTest" time="24.241"/>
  <testcase classname="com.testcases.LoginPageTest" name="multipleLoginTest" time="3.996"/>
  <testcase classname="com.testcases.LoginPageTest" name="multipleLoginTest" time="3.719"/>
  <testcase classname="com.testcases.LoginPageTest" name="loginPageTitleTest" time="0.013"/>
  <testcase classname="com.testcases.LoginPageTest" name="loginTest" time="0.845"/>
  <testcase classname="com.testcases.RequestBookTest" name="requestBookTitleTest" time="0.012"/>
  <testcase classname="com.testcases.RequestBookTest" name="Request_a_BookTest" time="0.691"/>
</testsuite> <!-- Bookswagon App Test Cases -->
