<?xml version="1.0" encoding="UTF-8"?>
<!-- Generated by org.testng.reporters.JUnitXMLReporter -->
<testsuite ignored="0" hostname="LAPTOP-84D7O3F5" failures="0" tests="5" name="Default test" time="39.647" errors="0" timestamp="2022-08-17T08:51:55 IST">
  <testcase classname="com.testcases.LoginPageTest" name="multipleLoginTest" time="4.327"/>
  <testcase classname="com.testcases.LoginPageTest" name="multipleLoginTest" time="4.329"/>
  <testcase classname="com.testcases.LoginPageTest" name="multipleLoginTest" time="4.518"/>
  <testcase classname="com.testcases.LoginPageTest" name="loginPageTitleTest" time="0.009"/>
  <testcase classname="com.testcases.LoginPageTest" name="loginTest" time="1.459"/>
</testsuite> <!-- Default test -->
