<?xml version="1.0" encoding="UTF-8"?>
<testng-results ignored="0" total="12" passed="12" failed="0" skipped="0">
  <reporter-output>
  </reporter-output>
  <suite started-at="2022-08-17T09:59:13 IST" name="Bookswagon Application Test Automation Test Suite" finished-at="2022-08-17T10:01:04 IST" duration-ms="111261">
    <groups>
    </groups>
    <test started-at="2022-08-17T09:59:13 IST" name="Bookswagon App Test Cases" finished-at="2022-08-17T10:01:04 IST" duration-ms="111261">
      <class name="com.testcases.SearchTestPage">
        <test-method is-config="true" signature="setUp()[pri:0, instance:com.testcases.SearchTestPage@388526fb]" started-at="2022-08-17T09:59:25 IST" name="setUp" finished-at="2022-08-17T09:59:31 IST" duration-ms="5172" status="PASS">
          <reporter-output>
          </reporter-output>
        </test-method> <!-- setUp -->
        <test-method signature="verifySearchPageTest()[pri:1, instance:com.testcases.SearchTestPage@388526fb]" started-at="2022-08-17T09:59:31 IST" name="verifySearchPageTest" finished-at="2022-08-17T09:59:36 IST" duration-ms="5021" status="PASS">
          <reporter-output>
          </reporter-output>
        </test-method> <!-- verifySearchPageTest -->
      </class> <!-- com.testcases.SearchTestPage -->
      <class name="com.testcases.LoginPageTest">
        <test-method is-config="true" signature="setUp()[pri:0, instance:com.testcases.LoginPageTest@531f4093]" started-at="2022-08-17T09:59:45 IST" name="setUp" finished-at="2022-08-17T09:59:54 IST" duration-ms="8989" status="PASS">
          <reporter-output>
          </reporter-output>
        </test-method> <!-- setUp -->
        <test-method signature="multipleLoginTest(java.lang.String,java.lang.String)[pri:0, instance:com.testcases.LoginPageTest@531f4093]" started-at="2022-08-17T09:59:54 IST" name="multipleLoginTest" data-provider="getLoginTestData" finished-at="2022-08-17T10:00:18 IST" duration-ms="24241" status="PASS">
          <params>
            <param index="0">
              <value>
                <![CDATA[ajaylad112211@gmail.com]]>
              </value>
            </param>
            <param index="1">
              <value>
                <![CDATA[Qwerty@111]]>
              </value>
            </param>
          </params>
          <reporter-output>
          </reporter-output>
        </test-method> <!-- multipleLoginTest -->
        <test-method is-config="true" signature="tearDown()[pri:0, instance:com.testcases.LoginPageTest@531f4093]" started-at="2022-08-17T10:00:18 IST" name="tearDown" finished-at="2022-08-17T10:00:20 IST" duration-ms="1109" status="PASS">
          <reporter-output>
          </reporter-output>
        </test-method> <!-- tearDown -->
        <test-method is-config="true" signature="setUp()[pri:0, instance:com.testcases.LoginPageTest@531f4093]" started-at="2022-08-17T10:00:20 IST" name="setUp" finished-at="2022-08-17T10:00:27 IST" duration-ms="6978" status="PASS">
          <reporter-output>
          </reporter-output>
        </test-method> <!-- setUp -->
        <test-method signature="multipleLoginTest(java.lang.String,java.lang.String)[pri:0, instance:com.testcases.LoginPageTest@531f4093]" started-at="2022-08-17T10:00:27 IST" name="multipleLoginTest" data-provider="getLoginTestData" finished-at="2022-08-17T10:00:31 IST" duration-ms="3996" status="PASS">
          <params>
            <param index="0">
              <value>
                <![CDATA[ajaylad@gmail.com]]>
              </value>
            </param>
            <param index="1">
              <value>
                <![CDATA[ajay@123]]>
              </value>
            </param>
          </params>
          <reporter-output>
          </reporter-output>
        </test-method> <!-- multipleLoginTest -->
        <test-method is-config="true" signature="tearDown()[pri:0, instance:com.testcases.LoginPageTest@531f4093]" started-at="2022-08-17T10:00:31 IST" name="tearDown" finished-at="2022-08-17T10:00:32 IST" duration-ms="1112" status="PASS">
          <reporter-output>
          </reporter-output>
        </test-method> <!-- tearDown -->
        <test-method is-config="true" signature="setUp()[pri:0, instance:com.testcases.LoginPageTest@531f4093]" started-at="2022-08-17T10:00:32 IST" name="setUp" finished-at="2022-08-17T10:00:38 IST" duration-ms="6653" status="PASS">
          <reporter-output>
          </reporter-output>
        </test-method> <!-- setUp -->
        <test-method signature="multipleLoginTest(java.lang.String,java.lang.String)[pri:0, instance:com.testcases.LoginPageTest@531f4093]" started-at="2022-08-17T10:00:38 IST" name="multipleLoginTest" data-provider="getLoginTestData" finished-at="2022-08-17T10:00:42 IST" duration-ms="3719" status="PASS">
          <params>
            <param index="0">
              <value>
                <![CDATA[ajay@1451gmail.com]]>
              </value>
            </param>
            <param index="1">
              <value>
                <![CDATA[ajaya589@]]>
              </value>
            </param>
          </params>
          <reporter-output>
          </reporter-output>
        </test-method> <!-- multipleLoginTest -->
        <test-method is-config="true" signature="tearDown()[pri:0, instance:com.testcases.LoginPageTest@531f4093]" started-at="2022-08-17T10:00:42 IST" name="tearDown" finished-at="2022-08-17T10:00:42 IST" duration-ms="246" status="PASS">
          <reporter-output>
          </reporter-output>
        </test-method> <!-- tearDown -->
        <test-method is-config="true" signature="setUp()[pri:0, instance:com.testcases.LoginPageTest@531f4093]" started-at="2022-08-17T10:00:42 IST" name="setUp" finished-at="2022-08-17T10:00:47 IST" duration-ms="4532" status="PASS">
          <reporter-output>
          </reporter-output>
        </test-method> <!-- setUp -->
        <test-method signature="loginPageTitleTest()[pri:1, instance:com.testcases.LoginPageTest@531f4093]" started-at="2022-08-17T10:00:47 IST" name="loginPageTitleTest" finished-at="2022-08-17T10:00:47 IST" duration-ms="13" status="PASS">
          <reporter-output>
          </reporter-output>
        </test-method> <!-- loginPageTitleTest -->
        <test-method is-config="true" signature="tearDown()[pri:0, instance:com.testcases.LoginPageTest@531f4093]" started-at="2022-08-17T10:00:47 IST" name="tearDown" finished-at="2022-08-17T10:00:47 IST" duration-ms="241" status="PASS">
          <reporter-output>
          </reporter-output>
        </test-method> <!-- tearDown -->
        <test-method is-config="true" signature="setUp()[pri:0, instance:com.testcases.LoginPageTest@531f4093]" started-at="2022-08-17T10:00:47 IST" name="setUp" finished-at="2022-08-17T10:00:50 IST" duration-ms="3284" status="PASS">
          <reporter-output>
          </reporter-output>
        </test-method> <!-- setUp -->
        <test-method signature="loginTest()[pri:2, instance:com.testcases.LoginPageTest@531f4093]" started-at="2022-08-17T10:00:50 IST" name="loginTest" finished-at="2022-08-17T10:00:51 IST" duration-ms="845" status="PASS">
          <reporter-output>
          </reporter-output>
        </test-method> <!-- loginTest -->
        <test-method is-config="true" signature="tearDown()[pri:0, instance:com.testcases.LoginPageTest@531f4093]" started-at="2022-08-17T10:00:51 IST" name="tearDown" finished-at="2022-08-17T10:00:52 IST" duration-ms="328" status="PASS">
          <reporter-output>
          </reporter-output>
        </test-method> <!-- tearDown -->
      </class> <!-- com.testcases.LoginPageTest -->
      <class name="com.testcases.HomePageTest">
        <test-method is-config="true" signature="setUp()[pri:0, instance:com.testcases.HomePageTest@2e6a5539]" started-at="2022-08-17T09:59:13 IST" name="setUp" finished-at="2022-08-17T09:59:18 IST" duration-ms="5319" status="PASS">
          <reporter-output>
          </reporter-output>
        </test-method> <!-- setUp -->
        <test-method signature="HomePageTitleTest()[pri:1, instance:com.testcases.HomePageTest@2e6a5539]" started-at="2022-08-17T09:59:18 IST" name="HomePageTitleTest" finished-at="2022-08-17T09:59:20 IST" duration-ms="2068" status="PASS">
          <reporter-output>
          </reporter-output>
        </test-method> <!-- HomePageTitleTest -->
        <test-method is-config="true" signature="tearDown()[pri:0, instance:com.testcases.HomePageTest@2e6a5539]" started-at="2022-08-17T09:59:20 IST" name="tearDown" finished-at="2022-08-17T09:59:20 IST" duration-ms="302" status="PASS">
          <reporter-output>
          </reporter-output>
        </test-method> <!-- tearDown -->
        <test-method is-config="true" signature="setUp()[pri:0, instance:com.testcases.HomePageTest@2e6a5539]" started-at="2022-08-17T09:59:20 IST" name="setUp" finished-at="2022-08-17T09:59:25 IST" duration-ms="4677" status="PASS">
          <reporter-output>
          </reporter-output>
        </test-method> <!-- setUp -->
        <test-method signature="verifyUserNameTest()[pri:2, instance:com.testcases.HomePageTest@2e6a5539]" started-at="2022-08-17T09:59:25 IST" name="verifyUserNameTest" finished-at="2022-08-17T09:59:25 IST" duration-ms="52" status="PASS">
          <reporter-output>
          </reporter-output>
        </test-method> <!-- verifyUserNameTest -->
        <test-method is-config="true" signature="tearDown()[pri:0, instance:com.testcases.HomePageTest@2e6a5539]" started-at="2022-08-17T09:59:25 IST" name="tearDown" finished-at="2022-08-17T09:59:25 IST" duration-ms="259" status="PASS">
          <reporter-output>
          </reporter-output>
        </test-method> <!-- tearDown -->
      </class> <!-- com.testcases.HomePageTest -->
      <class name="com.testcases.ChangePasswordTest">
        <test-method is-config="true" signature="setUp()[pri:0, instance:com.testcases.ChangePasswordTest@21a21c64]" started-at="2022-08-17T09:59:36 IST" name="setUp" finished-at="2022-08-17T09:59:39 IST" duration-ms="3033" status="PASS">
          <reporter-output>
          </reporter-output>
        </test-method> <!-- setUp -->
        <test-method signature="changePasswordTitleTest()[pri:1, instance:com.testcases.ChangePasswordTest@21a21c64]" started-at="2022-08-17T09:59:39 IST" name="changePasswordTitleTest" finished-at="2022-08-17T09:59:39 IST" duration-ms="14" status="PASS">
          <reporter-output>
          </reporter-output>
        </test-method> <!-- changePasswordTitleTest -->
        <test-method is-config="true" signature="setUp()[pri:0, instance:com.testcases.ChangePasswordTest@21a21c64]" started-at="2022-08-17T09:59:39 IST" name="setUp" finished-at="2022-08-17T09:59:43 IST" duration-ms="3990" status="PASS">
          <reporter-output>
          </reporter-output>
        </test-method> <!-- setUp -->
        <test-method signature="changePasswordofbooksawagonwithNewPassword()[pri:2, instance:com.testcases.ChangePasswordTest@21a21c64]" started-at="2022-08-17T09:59:43 IST" name="changePasswordofbooksawagonwithNewPassword" finished-at="2022-08-17T09:59:45 IST" duration-ms="2118" status="PASS">
          <reporter-output>
          </reporter-output>
        </test-method> <!-- changePasswordofbooksawagonwithNewPassword -->
      </class> <!-- com.testcases.ChangePasswordTest -->
      <class name="com.testcases.RequestBookTest">
        <test-method is-config="true" signature="setUp()[pri:0, instance:com.testcases.RequestBookTest@62ef27a8]" started-at="2022-08-17T10:00:52 IST" name="setUp" finished-at="2022-08-17T10:00:58 IST" duration-ms="6326" status="PASS">
          <reporter-output>
          </reporter-output>
        </test-method> <!-- setUp -->
        <test-method signature="requestBookTitleTest()[pri:1, instance:com.testcases.RequestBookTest@62ef27a8]" started-at="2022-08-17T10:00:58 IST" name="requestBookTitleTest" finished-at="2022-08-17T10:00:58 IST" duration-ms="12" status="PASS">
          <reporter-output>
          </reporter-output>
        </test-method> <!-- requestBookTitleTest -->
        <test-method is-config="true" signature="tearDown()[pri:0, instance:com.testcases.RequestBookTest@62ef27a8]" started-at="2022-08-17T10:00:58 IST" name="tearDown" finished-at="2022-08-17T10:00:58 IST" duration-ms="297" status="PASS">
          <reporter-output>
          </reporter-output>
        </test-method> <!-- tearDown -->
        <test-method is-config="true" signature="setUp()[pri:0, instance:com.testcases.RequestBookTest@62ef27a8]" started-at="2022-08-17T10:00:58 IST" name="setUp" finished-at="2022-08-17T10:01:03 IST" duration-ms="4748" status="PASS">
          <reporter-output>
          </reporter-output>
        </test-method> <!-- setUp -->
        <test-method signature="Request_a_BookTest()[pri:2, instance:com.testcases.RequestBookTest@62ef27a8]" started-at="2022-08-17T10:01:03 IST" name="Request_a_BookTest" finished-at="2022-08-17T10:01:04 IST" duration-ms="691" status="PASS">
          <reporter-output>
          </reporter-output>
        </test-method> <!-- Request_a_BookTest -->
        <test-method is-config="true" signature="tearDown()[pri:0, instance:com.testcases.RequestBookTest@62ef27a8]" started-at="2022-08-17T10:01:04 IST" name="tearDown" finished-at="2022-08-17T10:01:04 IST" duration-ms="274" status="PASS">
          <reporter-output>
          </reporter-output>
        </test-method> <!-- tearDown -->
      </class> <!-- com.testcases.RequestBookTest -->
    </test> <!-- Bookswagon App Test Cases -->
  </suite> <!-- Bookswagon Application Test Automation Test Suite -->
</testng-results>
